1602450328040	geckodriver	INFO	Listening on 127.0.0.1:61403
1602450331386	mozrunner::runner	INFO	Running command: "C:\\Program Files\\Mozilla Firefox\\firefox.exe" "--marionette" "-foreground" "-no-remote" "-profile" "C:\\Users\\Venkata\\AppData\\Local\\Temp\\rust_mozprofile8inAgi"
JavaScript error: resource://gre/modules/XULStore.jsm, line 66: Error: Can't find profile directory.
console.error: SearchCache: "_readCacheFile: Error reading cache file:" (new Error("", "(unknown module)"))
1602450353826	Marionette	INFO	Listening on port 61427
1602450354257	Marionette	WARN	TLS certificate errors will be ignored for this session
1602450371923	Marionette	INFO	Stopped listening on port 61427
JavaScript error: resource://gre/modules/UrlClassifierListManager.jsm, line 691: TypeError: this.tablesData[table] is undefined
[Parent 15164, Gecko_IOThread] WARNING: pipe error: 232: file /builds/worker/checkouts/gecko/ipc/chromium/src/chrome/common/ipc_channel_win.cc, line 545
1603548002570	geckodriver	INFO	Listening on 127.0.0.1:60831
1603548005715	mozrunner::runner	INFO	Running command: "C:\\Program Files\\Mozilla Firefox\\firefox.exe" "--marionette" "-headless" "-foreground" "-no-remote" "-profile" "C:\\Users\\Venkata\\AppData\\Local\\Temp\\rust_mozprofilec4JTRu"
*** You are running in headless mode.
JavaScript error: resource://gre/modules/XULStore.jsm, line 66: Error: Can't find profile directory.
console.error: SearchCache: "_readCacheFile: Error reading cache file:" (new Error("", "(unknown module)"))
1603548033556	Marionette	INFO	Listening on port 60843
1603548033734	Marionette	WARN	TLS certificate errors will be ignored for this session
JavaScript error: , line 0: NS_ERROR_NOT_AVAILABLE
JavaScript error: , line 0: uncaught exception: Object
JavaScript error: , line 0: uncaught exception: Object
JavaScript error: , line 0: NS_ERROR_NOT_AVAILABLE
JavaScript error: , line 0: uncaught exception: Object
JavaScript error: , line 0: NS_ERROR_NOT_AVAILABLE
XULStore.jsm, line 66: Error: Can't find profile directory.
console.error: SearchCache: "_readCacheFile: Error reading cache file:" (new Error("", "(unknown module)"))
1603548078312	Marionette	INFO	Listening on port 61026
1603548078403	Marionette	WARN	TLS certificate errors will be ignored for this session
[Parent 18944, Gecko_IOThread] WARNING: file /builds/worker/checkouts/gecko/ipc/chromium/src/base/process_util_win.cc, line 166
1603551712036	Marionette	INFO	Stopped listening on port 61026

###!!! [Child][RunMessage] Error: Channel closing: too late to send/recv, messages will be lost

1603787639926	geckodriver	INFO	Listening on 127.0.0.1:51366
1603787643068	mozrunner::runner	INFO	Running command: "C:\\Program Files\\Mozilla Firefox\\firefox.exe" "--marionette" "-foreground" "-no-remote" "-profile" "C:\\Users\\Venkata\\AppData\\Local\\Temp\\rust_mozprofileMRpyw8"
1603790270987	geckodriver	INFO	Listening on 127.0.0.1:52162
1603790274174	mozrunner::runner	INFO	Running command: "C:\\Program Files\\Mozilla Firefox\\firefox.exe" "--marionette" "-foreground" "-no-remote" "-profile" "C:\\Users\\Venkata\\AppData\\Local\\Temp\\rust_mozprofilerRcxAy"
JavaScript error: resource://gre/modules/XULStore.jsm, line 66: Error: Can't find profile directory.
console.error: SearchCache: "_readCacheFile: Error reading cache file:" (new Error("", "(unknown module)"))
1603790283951	Marionette	INFO	Listening on port 52170
1603790284103	Marionette	WARN	TLS certificate errors will be ignored for this session
JavaScript error: resource://gre/modules/UrlClassifierListManager.jsm, line 691: TypeError: this.tablesData[table] is undefined
1603790304267	Marionette	INFO	Stopped listening on port 52170

###!!! [Child][RunMessage] Error: Channel closing: too late to send/recv, messages will be lost


###!!! [Child][MessageChannel::SendAndWait] Error: Channel error: cannot send/recv

